<?xml version="1.0" encoding="UTF-8"?>
<testng-results skipped="0" failed="0" ignored="0" total="1" passed="1">
  <reporter-output>
  </reporter-output>
  <suite name="Default suite" duration-ms="362" started-at="2019-12-04T16:37:16Z" finished-at="2019-12-04T16:37:16Z">
    <groups>
    </groups>
    <test name="Default test" duration-ms="362" started-at="2019-12-04T16:37:16Z" finished-at="2019-12-04T16:37:16Z">
      <class name="ExtentReportsOctTest">
        <test-method status="PASS" signature="testApp()[pri:0, instance:ExtentReportsOctTest@4590c9c3]" name="testApp" duration-ms="351" started-at="2019-12-04T11:37:16Z" finished-at="2019-12-04T11:37:16Z">
          <reporter-output>
          </reporter-output>
        </test-method> <!-- testApp -->
      </class> <!-- ExtentReportsOctTest -->
    </test> <!-- Default test -->
  </suite> <!-- Default suite -->
</testng-results>
